<?xml version="1.0" encoding="UTF-8"?>
<testsuite xmlns:xsi="http://www.w3.org/2001/XMLSchema-instance" xsi:noNamespaceSchemaLocation="https://maven.apache.org/surefire/maven-surefire-plugin/xsd/surefire-test-report.xsd" version="3.0.1" name="com.example.AppTest" time="0.279" tests="3" errors="0" skipped="0" failures="0">
  <properties>
[...]
</properties>
  <testcase name="shouldParseHttpRequestWithQueryString" classname="com.example.AppTest" time="0.081"/>
  <testcase name="shouldParseHttpRequestLine" classname="com.example.AppTest" time="0.004"/>
  <testcase name="shouldBuildValidHttpResponse" classname="com.example.AppTest" time="0.019"/>
</testsuite>